<?xml version="1.0" encoding="UTF-8"?>
<testsuite xmlns:xsi="http://www.w3.org/2001/XMLSchema-instance" xsi:noNamespaceSchemaLocation="https://maven.apache.org/surefire/maven-surefire-plugin/xsd/surefire-test-report-3.0.xsd" version="3.0" name="com.smartorder.CarritoCompraTest" time="0.365" tests="3" errors="0" skipped="0" failures="0">
  <properties>
[...]
</properties>
  <testcase name="testCarritoVacioInicialmente" classname="com.smartorder.CarritoCompraTest" time="0.181">
    <system-out><![CDATA[->->->Test 3:Debería estar vacío al ser creado
]]></system-out>
  </testcase>
  <testcase name="testCalcularTotal" classname="com.smartorder.CarritoCompraTest" time="0.036">
    <system-out><![CDATA[->->->Test 2:Debería calcular el total correctamente para múltiples productos
]]></system-out>
  </testcase>
  <testcase name="testAgregarProducto" classname="com.smartorder.CarritoCompraTest" time="0.01">
    <system-out><![CDATA[->->->Test 1:Debería agregar un producto correctamente
]]></system-out>
  </testcase>
</testsuite>